21:36:52 [main] INFO  tcp.server - test file log ra console_server
21:36:52 [main] ERROR tcp.server - test file log ra console_server
21:36:52 [main] FATAL tcp.server - test file log ra console_server
21:36:59 [main] INFO  tcp.client - test file log ra console_client
21:36:59 [main] ERROR tcp.client - test file log ra console_client
21:36:59 [main] FATAL tcp.client - test file log ra console_client
21:49:08 [Thread-0] INFO  tcp.server - lang nghe client tu port 9090
21:49:13 [main] INFO  tcp.client - ket noi toi tenServer va port cho truoc
21:49:13 [main] INFO  tcp.client - connercted tenServer/Dia chi ip:port
21:49:13 [Thread-0] INFO  tcp.server - doi connected tu dia chi client
21:49:13 [main] INFO  tcp.client - viet hello from gui qua server
21:49:13 [main] INFO  tcp.client - nhan lai thong tin ben server viet
21:49:13 [Thread-0] INFO  tcp.server - viet thong diep gui qua client va goodbye
21:49:13 [Thread-0] INFO  tcp.server - lang nghe client tu port 9090
21:49:23 [Thread-0] INFO  tcp.server - het thoi gian time out
22:04:41 [main] INFO  udp.serverUDP - server bat dau tao port
22:04:50 [main] INFO  udp.clientUDP - client ket noi den port cua server
22:05:20 [Thread-0] INFO  udp.serverUDP - client ket noi vao va nhan tin
22:08:15 [main] INFO  udp.serverUDP - server bat dau tao port
22:08:21 [main] INFO  udp.clientUDP - client ket noi den port cua server
22:08:29 [Thread-0] INFO  udp.serverUDP - client ket noi vao va nhan tin
22:08:40 [Thread-0] INFO  udp.clientUDP - server gui tin nhan cho client
22:08:47 [Thread-0] INFO  udp.serverUDP - client ket noi vao va nhan tin
22:08:54 [Thread-0] INFO  udp.clientUDP - server gui tin nhan cho client
22:54:12 [Thread-0] INFO  tcpUI.serverTCPUI - Server in ra thong tin
22:54:22 [Thread-0] INFO  tcpUI.serverTCPUI - Server het thoi gian timeout
22:54:35 [Thread-0] INFO  tcpUI.serverTCPUI - Server in ra thong tin
22:54:45 [Thread-0] INFO  tcpUI.serverTCPUI - Server het thoi gian timeout
22:55:19 [Thread-0] INFO  tcpUI.serverTCPUI - Server in ra thong tin
22:55:29 [Thread-0] INFO  tcpUI.serverTCPUI - Server het thoi gian timeout
23:00:11 [Thread-0] INFO  tcpUI.serverTCPUI - Server in ra thong tin
23:00:21 [Thread-0] INFO  tcpUI.serverTCPUI - Server het thoi gian timeout
23:03:01 [Thread-0] INFO  tcpUI.serverTCPUI - Server in ra thong tin
23:03:11 [Thread-0] INFO  tcpUI.serverTCPUI - Server het thoi gian timeout
23:05:38 [Thread-0] INFO  tcpUI.serverTCPUI - Server in ra thong tin
23:05:43 [Thread-0] INFO  tcpUI.serverTCPUI - Server ket noi voi client
23:05:43 [Thread-0] INFO  tcpUI.serverTCPUI - Server in ra thong tin ip Client
23:05:43 [AWT-EventQueue-0] INFO  tcpUI.clientTCPUI - Client Tao ket noi voi Server
23:05:43 [AWT-EventQueue-0] INFO  tcpUI.clientTCPUI - Client gui tin nhan den Server
23:05:43 [Thread-0] INFO  tcpUI.serverTCPUI - Server nhan tin nhan tu Client
23:05:43 [Thread-0] INFO  tcpUI.serverTCPUI - Server gui tin nhan cho Client
23:05:43 [Thread-0] INFO  tcpUI.serverTCPUI - Server in ra thong tin
23:05:43 [AWT-EventQueue-0] INFO  tcpUI.clientTCPUI - Client nhan tin nhan tu Server
23:05:53 [Thread-0] INFO  tcpUI.serverTCPUI - Server het thoi gian timeout
